2022/03/01 12-32 PM - INFO - Registered function for 'action_user_greet'.
2022/03/01 12-32 PM - INFO - Registered function for 'action_appointment_check'.
2022/03/01 12-32 PM - INFO - Registered function for 'action_appointment_removal'.
2022/03/01 12-32 PM - INFO - Registered function for 'action_covid_bot_begin'.
2022/03/01 12-32 PM - INFO - Registered function for 'action_covid_symptoms_bot'.
2022/03/01 12-32 PM - INFO - Registered function for 'action_covid_symptoms_bot_two'.
2022/03/01 12-32 PM - INFO - Registered function for 'action_covid_symptoms_bot_three'.
2022/03/01 12-32 PM - INFO - Registered function for 'action_covid_symptoms_bot_four'.
2022/03/01 12-32 PM - INFO - Registered function for 'action_other_symptoms'.
2022/03/01 12-32 PM - INFO - Registered function for 'asking_for_blood'.
2022/03/01 12-32 PM - INFO - Registered function for 'ask_location'.
2022/03/01 12-32 PM - INFO - Registered function for 'showing_covid_data'.
2022/03/01 12-32 PM - INFO - Registered function for 'showing_covid_data_globally'.
2022/03/01 12-32 PM - INFO - Registered function for 'action_showing_covid_symptoms'.
2022/03/01 12-32 PM - INFO - Registered function for 'action_farewall'.
2022/03/01 12-32 PM - INFO - Action endpoint is up and running on http://0.0.0.0:5055
2022/03/01 12-37 PM - INFO - Appointment checker option triggered
2022/03/01 12-37 PM - INFO - Appointment data checked in the database
2022/03/01 12-37 PM - INFO - Appointment checker option triggered
2022/03/01 12-37 PM - INFO - User has not registered yet.
2022/03/01 12-44 PM - INFO - Registered function for 'action_user_greet'.
2022/03/01 12-44 PM - INFO - Registered function for 'action_appointment_check'.
2022/03/01 12-44 PM - INFO - Registered function for 'action_appointment_removal'.
2022/03/01 12-44 PM - INFO - Registered function for 'action_covid_bot_begin'.
2022/03/01 12-44 PM - INFO - Registered function for 'action_covid_symptoms_bot'.
2022/03/01 12-44 PM - INFO - Registered function for 'action_covid_symptoms_bot_two'.
2022/03/01 12-44 PM - INFO - Registered function for 'action_covid_symptoms_bot_three'.
2022/03/01 12-44 PM - INFO - Registered function for 'action_covid_symptoms_bot_four'.
2022/03/01 12-44 PM - INFO - Registered function for 'action_other_symptoms'.
2022/03/01 12-44 PM - INFO - Registered function for 'asking_for_blood'.
2022/03/01 12-44 PM - INFO - Registered function for 'ask_location'.
2022/03/01 12-44 PM - INFO - Registered function for 'showing_covid_data'.
2022/03/01 12-44 PM - INFO - Registered function for 'showing_covid_data_globally'.
2022/03/01 12-44 PM - INFO - Registered function for 'action_showing_covid_symptoms'.
2022/03/01 12-44 PM - INFO - Registered function for 'action_farewall'.
2022/03/01 12-44 PM - INFO - Action endpoint is up and running on http://0.0.0.0:5055
2022/03/01 12-45 PM - INFO - Appointment checker option triggered
2022/03/01 12-46 PM - INFO - User has not registered yet.
2022/03/01 12-46 PM - INFO - User has not registered yet.
2022/03/01 12-47 PM - INFO - Registered function for 'action_user_greet'.
2022/03/01 12-47 PM - INFO - Registered function for 'action_appointment_check'.
2022/03/01 12-47 PM - INFO - Registered function for 'action_appointment_removal'.
2022/03/01 12-47 PM - INFO - Registered function for 'action_covid_bot_begin'.
2022/03/01 12-47 PM - INFO - Registered function for 'action_covid_symptoms_bot'.
2022/03/01 12-47 PM - INFO - Registered function for 'action_covid_symptoms_bot_two'.
2022/03/01 12-47 PM - INFO - Registered function for 'action_covid_symptoms_bot_three'.
2022/03/01 12-47 PM - INFO - Registered function for 'action_covid_symptoms_bot_four'.
2022/03/01 12-47 PM - INFO - Registered function for 'action_other_symptoms'.
2022/03/01 12-47 PM - INFO - Registered function for 'asking_for_blood'.
2022/03/01 12-47 PM - INFO - Registered function for 'ask_location'.
2022/03/01 12-47 PM - INFO - Registered function for 'showing_covid_data'.
2022/03/01 12-47 PM - INFO - Registered function for 'showing_covid_data_globally'.
2022/03/01 12-47 PM - INFO - Registered function for 'action_showing_covid_symptoms'.
2022/03/01 12-47 PM - INFO - Registered function for 'action_farewall'.
2022/03/01 12-47 PM - INFO - Action endpoint is up and running on http://0.0.0.0:5055
2022/03/01 12-47 PM - INFO - User has not registered yet.
2022/03/01 12-47 PM - INFO - Appointment checker option triggered
2022/03/01 12-48 PM - INFO - User has not registered yet.
2022/03/01 12-50 PM - INFO - Registered function for 'action_user_greet'.
2022/03/01 12-50 PM - INFO - Registered function for 'action_appointment_check'.
2022/03/01 12-50 PM - INFO - Registered function for 'action_appointment_removal'.
2022/03/01 12-50 PM - INFO - Registered function for 'action_covid_bot_begin'.
2022/03/01 12-50 PM - INFO - Registered function for 'action_covid_symptoms_bot'.
2022/03/01 12-50 PM - INFO - Registered function for 'action_covid_symptoms_bot_two'.
2022/03/01 12-50 PM - INFO - Registered function for 'action_covid_symptoms_bot_three'.
2022/03/01 12-50 PM - INFO - Registered function for 'action_covid_symptoms_bot_four'.
2022/03/01 12-50 PM - INFO - Registered function for 'action_other_symptoms'.
2022/03/01 12-50 PM - INFO - Registered function for 'asking_for_blood'.
2022/03/01 12-50 PM - INFO - Registered function for 'ask_location'.
2022/03/01 12-50 PM - INFO - Registered function for 'showing_covid_data'.
2022/03/01 12-50 PM - INFO - Registered function for 'showing_covid_data_globally'.
2022/03/01 12-50 PM - INFO - Registered function for 'action_showing_covid_symptoms'.
2022/03/01 12-50 PM - INFO - Registered function for 'action_farewall'.
2022/03/01 12-50 PM - INFO - Action endpoint is up and running on http://0.0.0.0:5055
2022/03/01 12-50 PM - INFO - Appointment checker option triggered
2022/03/01 12-54 PM - INFO - Registered function for 'action_user_greet'.
2022/03/01 12-54 PM - INFO - Registered function for 'action_appointment_check'.
2022/03/01 12-54 PM - INFO - Registered function for 'action_appointment_removal'.
2022/03/01 12-54 PM - INFO - Registered function for 'action_covid_bot_begin'.
2022/03/01 12-54 PM - INFO - Registered function for 'action_covid_symptoms_bot'.
2022/03/01 12-54 PM - INFO - Registered function for 'action_covid_symptoms_bot_two'.
2022/03/01 12-54 PM - INFO - Registered function for 'action_covid_symptoms_bot_three'.
2022/03/01 12-54 PM - INFO - Registered function for 'action_covid_symptoms_bot_four'.
2022/03/01 12-54 PM - INFO - Registered function for 'action_other_symptoms'.
2022/03/01 12-54 PM - INFO - Registered function for 'asking_for_blood'.
2022/03/01 12-54 PM - INFO - Registered function for 'ask_location'.
2022/03/01 12-54 PM - INFO - Registered function for 'showing_covid_data'.
2022/03/01 12-54 PM - INFO - Registered function for 'showing_covid_data_globally'.
2022/03/01 12-54 PM - INFO - Registered function for 'action_showing_covid_symptoms'.
2022/03/01 12-54 PM - INFO - Registered function for 'action_farewall'.
2022/03/01 12-54 PM - INFO - Action endpoint is up and running on http://0.0.0.0:5055
2022/03/01 12-54 PM - INFO - Appointment data checked in the database
2022/03/01 12-55 PM - INFO - Appointment checker option triggered
2022/03/01 12-55 PM - INFO - User has not registered yet.
2022/03/01 12-57 PM - INFO - Appointment checker option triggered
2022/03/01 12-57 PM - INFO - User has not registered yet.
2022/03/01 12-57 PM - INFO - Appointment checker option triggered
2022/03/01 12-57 PM - INFO - Appointment data checked in the database
2022/03/01 12-58 PM - INFO - Appointment checker option triggered
2022/03/01 12-58 PM - INFO - Appointment data checked in the database
2022/03/01 12-58 PM - INFO - Appointment checker option triggered
2022/03/01 12-58 PM - INFO - Appointment data checked in the database
2022/03/01 12-58 PM - INFO - Appointment checker option triggered
2022/03/01 01-11 PM - INFO - Appointment data checked in the database
2022/03/01 01-11 PM - INFO - Appointment checker option triggered
2022/03/01 01-11 PM - INFO - Appointment data checked in the database
2022/03/01 01-11 PM - INFO - Appointment checker option triggered
2022/03/01 01-11 PM - INFO - Appointment data checked in the database
2022/03/01 01-14 PM - INFO - Registered function for 'action_user_greet'.
2022/03/01 01-14 PM - INFO - Registered function for 'action_appointment_check'.
2022/03/01 01-14 PM - INFO - Registered function for 'action_covid_bot_begin'.
2022/03/01 01-14 PM - INFO - Registered function for 'action_covid_symptoms_bot'.
2022/03/01 01-14 PM - INFO - Registered function for 'action_covid_symptoms_bot_two'.
2022/03/01 01-14 PM - INFO - Registered function for 'action_covid_symptoms_bot_three'.
2022/03/01 01-14 PM - INFO - Registered function for 'action_covid_symptoms_bot_four'.
2022/03/01 01-14 PM - INFO - Registered function for 'action_other_symptoms'.
2022/03/01 01-14 PM - INFO - Registered function for 'asking_for_blood'.
2022/03/01 01-14 PM - INFO - Registered function for 'ask_location'.
2022/03/01 01-14 PM - INFO - Registered function for 'showing_covid_data'.
2022/03/01 01-14 PM - INFO - Registered function for 'showing_covid_data_globally'.
2022/03/01 01-14 PM - INFO - Registered function for 'action_showing_covid_symptoms'.
2022/03/01 01-14 PM - INFO - Registered function for 'action_farewall'.
2022/03/01 01-14 PM - INFO - Action endpoint is up and running on http://0.0.0.0:5055
2022/03/01 01-14 PM - ERROR - Your action's 'action_appointment_check' run method returned an invalid event. Event will be ignored.
2022/03/01 01-14 PM - ERROR - Your action's 'action_appointment_check' run method returned an invalid event. Event will be ignored.
2022/03/01 01-14 PM - ERROR - Your action's 'action_appointment_check' run method returned an invalid event. Event will be ignored.
2022/03/01 01-14 PM - ERROR - Your action's 'action_appointment_check' run method returned an invalid event. Event will be ignored.
2022/03/01 01-14 PM - ERROR - Your action's 'action_appointment_check' run method returned an invalid event. Event will be ignored.
2022/03/01 01-14 PM - ERROR - Your action's 'action_appointment_check' run method returned an invalid event. Event will be ignored.
2022/03/01 01-14 PM - ERROR - Your action's 'action_appointment_check' run method returned an invalid event. Event will be ignored.
2022/03/01 01-14 PM - ERROR - Your action's 'action_appointment_check' run method returned an invalid event. Event will be ignored.
2022/03/01 01-14 PM - ERROR - Your action's 'action_appointment_check' run method returned an invalid event. Event will be ignored.
2022/03/01 01-15 PM - ERROR - Your action's 'action_appointment_check' run method returned an invalid event. Event will be ignored.
2022/03/01 01-15 PM - ERROR - Your action's 'action_appointment_check' run method returned an invalid event. Event will be ignored.
2022/03/01 01-15 PM - ERROR - Your action's 'action_appointment_check' run method returned an invalid event. Event will be ignored.
2022/03/01 01-15 PM - ERROR - Your action's 'action_appointment_check' run method returned an invalid event. Event will be ignored.
2022/03/01 01-15 PM - ERROR - Your action's 'action_appointment_check' run method returned an invalid event. Event will be ignored.
2022/03/01 01-15 PM - ERROR - Your action's 'action_appointment_check' run method returned an invalid event. Event will be ignored.
2022/03/01 01-15 PM - ERROR - Your action's 'action_appointment_check' run method returned an invalid event. Event will be ignored.
2022/03/01 01-15 PM - ERROR - Your action's 'action_appointment_check' run method returned an invalid event. Event will be ignored.
2022/03/01 01-15 PM - ERROR - Your action's 'action_appointment_check' run method returned an invalid event. Event will be ignored.
2022/03/01 01-15 PM - ERROR - Your action's 'action_appointment_check' run method returned an invalid event. Event will be ignored.
2022/03/01 01-15 PM - ERROR - Your action's 'action_appointment_check' run method returned an invalid event. Event will be ignored.
2022/03/01 01-15 PM - ERROR - Your action's 'action_appointment_check' run method returned an invalid event. Event will be ignored.
2022/03/01 01-15 PM - ERROR - Your action's 'action_appointment_check' run method returned an invalid event. Event will be ignored.
2022/03/01 01-15 PM - ERROR - Your action's 'action_appointment_check' run method returned an invalid event. Event will be ignored.
2022/03/01 01-15 PM - ERROR - Your action's 'action_appointment_check' run method returned an invalid event. Event will be ignored.
2022/03/01 01-15 PM - ERROR - Your action's 'action_appointment_check' run method returned an invalid event. Event will be ignored.
2022/03/01 01-15 PM - ERROR - Your action's 'action_appointment_check' run method returned an invalid event. Event will be ignored.
2022/03/01 01-15 PM - ERROR - Your action's 'action_appointment_check' run method returned an invalid event. Event will be ignored.
2022/03/01 01-15 PM - ERROR - Your action's 'action_appointment_check' run method returned an invalid event. Event will be ignored.
2022/03/01 01-15 PM - ERROR - Your action's 'action_appointment_check' run method returned an invalid event. Event will be ignored.
2022/03/01 01-15 PM - ERROR - Your action's 'action_appointment_check' run method returned an invalid event. Event will be ignored.
2022/03/01 01-15 PM - ERROR - Your action's 'action_appointment_check' run method returned an invalid event. Event will be ignored.
2022/03/01 01-15 PM - ERROR - Your action's 'action_appointment_check' run method returned an invalid event. Event will be ignored.
2022/03/01 01-15 PM - ERROR - Your action's 'action_appointment_check' run method returned an invalid event. Event will be ignored.
2022/03/01 01-15 PM - ERROR - Your action's 'action_appointment_check' run method returned an invalid event. Event will be ignored.
2022/03/01 01-15 PM - ERROR - Your action's 'action_appointment_check' run method returned an invalid event. Event will be ignored.
2022/03/01 01-15 PM - ERROR - Your action's 'action_appointment_check' run method returned an invalid event. Event will be ignored.
2022/03/01 01-15 PM - INFO - Registered function for 'action_user_greet'.
2022/03/01 01-15 PM - INFO - Registered function for 'action_appointment_check'.
2022/03/01 01-15 PM - INFO - Registered function for 'action_covid_bot_begin'.
2022/03/01 01-15 PM - INFO - Registered function for 'action_covid_symptoms_bot'.
2022/03/01 01-15 PM - INFO - Registered function for 'action_covid_symptoms_bot_two'.
2022/03/01 01-15 PM - INFO - Registered function for 'action_covid_symptoms_bot_three'.
2022/03/01 01-15 PM - INFO - Registered function for 'action_covid_symptoms_bot_four'.
2022/03/01 01-15 PM - INFO - Registered function for 'action_other_symptoms'.
2022/03/01 01-15 PM - INFO - Registered function for 'asking_for_blood'.
2022/03/01 01-15 PM - INFO - Registered function for 'ask_location'.
2022/03/01 01-15 PM - INFO - Registered function for 'showing_covid_data'.
2022/03/01 01-15 PM - INFO - Registered function for 'showing_covid_data_globally'.
2022/03/01 01-15 PM - INFO - Registered function for 'action_showing_covid_symptoms'.
2022/03/01 01-15 PM - INFO - Registered function for 'action_farewall'.
2022/03/01 01-15 PM - INFO - Action endpoint is up and running on http://0.0.0.0:5055
2022/03/01 01-19 PM - INFO - Registered function for 'action_user_greet'.
2022/03/01 01-19 PM - INFO - Registered function for 'action_appointment_check'.
2022/03/01 01-19 PM - INFO - Registered function for 'action_appointment_two'.
2022/03/01 01-19 PM - INFO - Registered function for 'action_covid_bot_begin'.
2022/03/01 01-19 PM - INFO - Registered function for 'action_covid_symptoms_bot'.
2022/03/01 01-19 PM - INFO - Registered function for 'action_covid_symptoms_bot_two'.
2022/03/01 01-19 PM - INFO - Registered function for 'action_covid_symptoms_bot_three'.
2022/03/01 01-19 PM - INFO - Registered function for 'action_covid_symptoms_bot_four'.
2022/03/01 01-19 PM - INFO - Registered function for 'action_other_symptoms'.
2022/03/01 01-19 PM - INFO - Registered function for 'asking_for_blood'.
2022/03/01 01-19 PM - INFO - Registered function for 'ask_location'.
2022/03/01 01-19 PM - INFO - Registered function for 'showing_covid_data'.
2022/03/01 01-19 PM - INFO - Registered function for 'showing_covid_data_globally'.
2022/03/01 01-19 PM - INFO - Registered function for 'action_showing_covid_symptoms'.
2022/03/01 01-19 PM - INFO - Registered function for 'action_farewall'.
2022/03/01 01-19 PM - INFO - Action endpoint is up and running on http://0.0.0.0:5055
2022/03/01 01-26 PM - INFO - Registered function for 'action_user_greet'.
2022/03/01 01-26 PM - INFO - Registered function for 'action_appointment_check'.
2022/03/01 01-26 PM - INFO - Registered function for 'action_appointment_two'.
2022/03/01 01-26 PM - INFO - Registered function for 'action_covid_bot_begin'.
2022/03/01 01-26 PM - INFO - Registered function for 'action_covid_symptoms_bot'.
2022/03/01 01-26 PM - INFO - Registered function for 'action_covid_symptoms_bot_two'.
2022/03/01 01-26 PM - INFO - Registered function for 'action_covid_symptoms_bot_three'.
2022/03/01 01-26 PM - INFO - Registered function for 'action_covid_symptoms_bot_four'.
2022/03/01 01-26 PM - INFO - Registered function for 'action_other_symptoms'.
2022/03/01 01-26 PM - INFO - Registered function for 'asking_for_blood'.
2022/03/01 01-26 PM - INFO - Registered function for 'ask_location'.
2022/03/01 01-26 PM - INFO - Registered function for 'showing_covid_data'.
2022/03/01 01-26 PM - INFO - Registered function for 'showing_covid_data_globally'.
2022/03/01 01-26 PM - INFO - Registered function for 'action_showing_covid_symptoms'.
2022/03/01 01-26 PM - INFO - Registered function for 'action_farewall'.
2022/03/01 01-26 PM - INFO - Action endpoint is up and running on http://0.0.0.0:5055
2022/03/01 01-28 PM - INFO - Registered function for 'action_user_greet'.
2022/03/01 01-28 PM - INFO - Registered function for 'action_appointment_check'.
2022/03/01 01-28 PM - INFO - Registered function for 'action_appointment_two'.
2022/03/01 01-28 PM - INFO - Registered function for 'action_covid_bot_begin'.
2022/03/01 01-28 PM - INFO - Registered function for 'action_covid_symptoms_bot'.
2022/03/01 01-28 PM - INFO - Registered function for 'action_covid_symptoms_bot_two'.
2022/03/01 01-28 PM - INFO - Registered function for 'action_covid_symptoms_bot_three'.
2022/03/01 01-28 PM - INFO - Registered function for 'action_covid_symptoms_bot_four'.
2022/03/01 01-28 PM - INFO - Registered function for 'action_other_symptoms'.
2022/03/01 01-28 PM - INFO - Registered function for 'asking_for_blood'.
2022/03/01 01-28 PM - INFO - Registered function for 'ask_location'.
2022/03/01 01-28 PM - INFO - Registered function for 'showing_covid_data'.
2022/03/01 01-28 PM - INFO - Registered function for 'showing_covid_data_globally'.
2022/03/01 01-28 PM - INFO - Registered function for 'action_showing_covid_symptoms'.
2022/03/01 01-28 PM - INFO - Registered function for 'action_farewall'.
2022/03/01 01-28 PM - INFO - Action endpoint is up and running on http://0.0.0.0:5055
2022/03/01 01-31 PM - INFO - Registered function for 'action_user_greet'.
2022/03/01 01-31 PM - INFO - Registered function for 'action_appointment_check'.
2022/03/01 01-31 PM - INFO - Registered function for 'action_appointment_two'.
2022/03/01 01-31 PM - INFO - Registered function for 'action_covid_bot_begin'.
2022/03/01 01-31 PM - INFO - Registered function for 'action_covid_symptoms_bot'.
2022/03/01 01-31 PM - INFO - Registered function for 'action_covid_symptoms_bot_two'.
2022/03/01 01-31 PM - INFO - Registered function for 'action_covid_symptoms_bot_three'.
2022/03/01 01-31 PM - INFO - Registered function for 'action_covid_symptoms_bot_four'.
2022/03/01 01-31 PM - INFO - Registered function for 'action_other_symptoms'.
2022/03/01 01-31 PM - INFO - Registered function for 'asking_for_blood'.
2022/03/01 01-31 PM - INFO - Registered function for 'ask_location'.
2022/03/01 01-31 PM - INFO - Registered function for 'showing_covid_data'.
2022/03/01 01-31 PM - INFO - Registered function for 'showing_covid_data_globally'.
2022/03/01 01-31 PM - INFO - Registered function for 'action_showing_covid_symptoms'.
2022/03/01 01-31 PM - INFO - Registered function for 'action_farewall'.
2022/03/01 01-31 PM - INFO - Action endpoint is up and running on http://0.0.0.0:5055
2022/03/01 01-33 PM - INFO - Registered function for 'action_user_greet'.
2022/03/01 01-33 PM - INFO - Registered function for 'action_appointment_check'.
2022/03/01 01-33 PM - INFO - Registered function for 'action_appointment_two'.
2022/03/01 01-33 PM - INFO - Registered function for 'action_covid_bot_begin'.
2022/03/01 01-33 PM - INFO - Registered function for 'action_covid_symptoms_bot'.
2022/03/01 01-33 PM - INFO - Registered function for 'action_covid_symptoms_bot_two'.
2022/03/01 01-33 PM - INFO - Registered function for 'action_covid_symptoms_bot_three'.
2022/03/01 01-33 PM - INFO - Registered function for 'action_covid_symptoms_bot_four'.
2022/03/01 01-33 PM - INFO - Registered function for 'action_other_symptoms'.
2022/03/01 01-33 PM - INFO - Registered function for 'asking_for_blood'.
2022/03/01 01-33 PM - INFO - Registered function for 'ask_location'.
2022/03/01 01-33 PM - INFO - Registered function for 'showing_covid_data'.
2022/03/01 01-33 PM - INFO - Registered function for 'showing_covid_data_globally'.
2022/03/01 01-33 PM - INFO - Registered function for 'action_showing_covid_symptoms'.
2022/03/01 01-33 PM - INFO - Registered function for 'action_farewall'.
2022/03/01 01-33 PM - INFO - Action endpoint is up and running on http://0.0.0.0:5055
2022/03/01 01-34 PM - INFO - User has not registered yet.
2022/03/01 01-35 PM - INFO - User has not registered yet.
2022/03/01 01-35 PM - INFO - Appointment data checked in the database
2022/03/01 01-35 PM - INFO - Registered function for 'action_user_greet'.
2022/03/01 01-35 PM - INFO - Registered function for 'action_appointment_check'.
2022/03/01 01-35 PM - INFO - Registered function for 'action_appointment_two'.
2022/03/01 01-35 PM - INFO - Registered function for 'action_covid_bot_begin'.
2022/03/01 01-35 PM - INFO - Registered function for 'action_covid_symptoms_bot'.
2022/03/01 01-35 PM - INFO - Registered function for 'action_covid_symptoms_bot_two'.
2022/03/01 01-35 PM - INFO - Registered function for 'action_covid_symptoms_bot_three'.
2022/03/01 01-35 PM - INFO - Registered function for 'action_covid_symptoms_bot_four'.
2022/03/01 01-35 PM - INFO - Registered function for 'action_other_symptoms'.
2022/03/01 01-35 PM - INFO - Registered function for 'asking_for_blood'.
2022/03/01 01-35 PM - INFO - Registered function for 'ask_location'.
2022/03/01 01-35 PM - INFO - Registered function for 'showing_covid_data'.
2022/03/01 01-35 PM - INFO - Registered function for 'showing_covid_data_globally'.
2022/03/01 01-35 PM - INFO - Registered function for 'action_showing_covid_symptoms'.
2022/03/01 01-35 PM - INFO - Registered function for 'action_farewall'.
2022/03/01 01-35 PM - INFO - Action endpoint is up and running on http://0.0.0.0:5055
2022/03/01 01-36 PM - INFO - User has not registered yet.
2022/03/01 01-36 PM - INFO - Appointment data checked in the database
2022/03/01 01-36 PM - ERROR - No registered action found for name 'action_appointment_removal'.
2022/03/01 01-38 PM - INFO - User has not registered yet.
2022/03/01 01-38 PM - ERROR - No registered action found for name 'action_appointment_removal'.
2022/03/01 01-38 PM - INFO - Appointment data checked in the database
2022/03/01 01-39 PM - INFO - Registered function for 'action_user_greet'.
2022/03/01 01-39 PM - INFO - Registered function for 'action_appointment_check'.
2022/03/01 01-39 PM - INFO - Registered function for 'action_appointment_two'.
2022/03/01 01-39 PM - INFO - Registered function for 'action_covid_bot_begin'.
2022/03/01 01-39 PM - INFO - Registered function for 'action_covid_symptoms_bot'.
2022/03/01 01-39 PM - INFO - Registered function for 'action_covid_symptoms_bot_two'.
2022/03/01 01-39 PM - INFO - Registered function for 'action_covid_symptoms_bot_three'.
2022/03/01 01-39 PM - INFO - Registered function for 'action_covid_symptoms_bot_four'.
2022/03/01 01-39 PM - INFO - Registered function for 'action_other_symptoms'.
2022/03/01 01-39 PM - INFO - Registered function for 'asking_for_blood'.
2022/03/01 01-39 PM - INFO - Registered function for 'ask_location'.
2022/03/01 01-39 PM - INFO - Registered function for 'showing_covid_data'.
2022/03/01 01-39 PM - INFO - Registered function for 'showing_covid_data_globally'.
2022/03/01 01-39 PM - INFO - Registered function for 'action_showing_covid_symptoms'.
2022/03/01 01-39 PM - INFO - Registered function for 'action_farewall'.
2022/03/01 01-39 PM - INFO - Action endpoint is up and running on http://0.0.0.0:5055
2022/03/01 01-39 PM - INFO - Appointment data checked in the database
2022/03/01 01-41 PM - INFO - Registered function for 'action_user_greet'.
2022/03/01 01-41 PM - INFO - Registered function for 'action_appointment_check'.
2022/03/01 01-41 PM - INFO - Registered function for 'action_covid_bot_begin'.
2022/03/01 01-41 PM - INFO - Registered function for 'action_covid_symptoms_bot'.
2022/03/01 01-41 PM - INFO - Registered function for 'action_covid_symptoms_bot_two'.
2022/03/01 01-41 PM - INFO - Registered function for 'action_covid_symptoms_bot_three'.
2022/03/01 01-41 PM - INFO - Registered function for 'action_covid_symptoms_bot_four'.
2022/03/01 01-41 PM - INFO - Registered function for 'action_other_symptoms'.
2022/03/01 01-41 PM - INFO - Registered function for 'asking_for_blood'.
2022/03/01 01-41 PM - INFO - Registered function for 'ask_location'.
2022/03/01 01-41 PM - INFO - Registered function for 'showing_covid_data'.
2022/03/01 01-41 PM - INFO - Registered function for 'showing_covid_data_globally'.
2022/03/01 01-41 PM - INFO - Registered function for 'action_showing_covid_symptoms'.
2022/03/01 01-41 PM - INFO - Registered function for 'action_farewall'.
2022/03/01 01-41 PM - INFO - Action endpoint is up and running on http://0.0.0.0:5055
2022/03/01 01-42 PM - INFO - Appointment data checked in the database
2022/03/01 01-47 PM - INFO - Appointment data checked in the database
2022/03/01 04-13 PM - INFO - Registered function for 'action_user_greet'.
2022/03/01 04-13 PM - INFO - Registered function for 'action_appointment_check'.
2022/03/01 04-13 PM - INFO - Registered function for 'action_appointment_delete'.
2022/03/01 04-13 PM - INFO - Registered function for 'action_covid_bot_begin'.
2022/03/01 04-13 PM - INFO - Registered function for 'action_covid_symptoms_bot'.
2022/03/01 04-13 PM - INFO - Registered function for 'action_covid_symptoms_bot_two'.
2022/03/01 04-13 PM - INFO - Registered function for 'action_covid_symptoms_bot_three'.
2022/03/01 04-13 PM - INFO - Registered function for 'action_covid_symptoms_bot_four'.
2022/03/01 04-13 PM - INFO - Registered function for 'action_other_symptoms'.
2022/03/01 04-13 PM - INFO - Registered function for 'asking_for_blood'.
2022/03/01 04-13 PM - INFO - Registered function for 'ask_location'.
2022/03/01 04-13 PM - INFO - Registered function for 'showing_covid_data'.
2022/03/01 04-13 PM - INFO - Registered function for 'showing_covid_data_globally'.
2022/03/01 04-13 PM - INFO - Registered function for 'action_showing_covid_symptoms'.
2022/03/01 04-13 PM - INFO - Registered function for 'action_farewall'.
2022/03/01 04-13 PM - INFO - Action endpoint is up and running on http://0.0.0.0:5055
2022/03/01 04-41 PM - INFO - Registered function for 'action_user_greet'.
2022/03/01 04-41 PM - INFO - Registered function for 'action_appointment_check'.
2022/03/01 04-41 PM - INFO - Registered function for 'action_appointment_delete'.
2022/03/01 04-41 PM - INFO - Registered function for 'action_covid_bot_begin'.
2022/03/01 04-41 PM - INFO - Registered function for 'action_covid_symptoms_bot'.
2022/03/01 04-41 PM - INFO - Registered function for 'action_covid_symptoms_bot_two'.
2022/03/01 04-41 PM - INFO - Registered function for 'action_covid_symptoms_bot_three'.
2022/03/01 04-41 PM - INFO - Registered function for 'action_covid_symptoms_bot_four'.
2022/03/01 04-41 PM - INFO - Registered function for 'action_other_symptoms'.
2022/03/01 04-41 PM - INFO - Registered function for 'asking_for_blood'.
2022/03/01 04-41 PM - INFO - Registered function for 'ask_location'.
2022/03/01 04-41 PM - INFO - Registered function for 'showing_covid_data'.
2022/03/01 04-41 PM - INFO - Registered function for 'showing_covid_data_globally'.
2022/03/01 04-41 PM - INFO - Registered function for 'action_showing_covid_symptoms'.
2022/03/01 04-41 PM - INFO - Registered function for 'action_farewall'.
2022/03/01 04-41 PM - INFO - Action endpoint is up and running on http://0.0.0.0:5055
2022/03/01 04-42 PM - INFO - User has not registered yet.
2022/03/01 04-45 PM - INFO - Appointment data checked in the database
2022/03/01 04-45 PM - INFO - User has not registered yet.
2022/03/01 04-45 PM - INFO - Appointment data checked in the database
2022/03/01 04-46 PM - INFO - User has not booked any appointments.
2022/03/01 04-47 PM - INFO - User has not registered yet.
2022/03/01 04-48 PM - INFO - User has not registered yet.
2022/03/01 04-55 PM - INFO - User has not registered yet.
2022/03/01 04-56 PM - INFO - Appointment data checked in the database
2022/03/01 05-24 PM - INFO - Registered function for 'action_user_greet'.
2022/03/01 05-24 PM - INFO - Registered function for 'action_appointment_check'.
2022/03/01 05-24 PM - INFO - Registered function for 'action_covid_bot_begin'.
2022/03/01 05-24 PM - INFO - Registered function for 'action_covid_symptoms_bot'.
2022/03/01 05-24 PM - INFO - Registered function for 'action_covid_symptoms_bot_two'.
2022/03/01 05-24 PM - INFO - Registered function for 'action_covid_symptoms_bot_three'.
2022/03/01 05-24 PM - INFO - Registered function for 'action_covid_symptoms_bot_four'.
2022/03/01 05-24 PM - INFO - Registered function for 'action_other_symptoms'.
2022/03/01 05-24 PM - INFO - Registered function for 'asking_for_blood'.
2022/03/01 05-24 PM - INFO - Registered function for 'ask_location'.
2022/03/01 05-24 PM - INFO - Registered function for 'showing_covid_data'.
2022/03/01 05-24 PM - INFO - Registered function for 'showing_covid_data_globally'.
2022/03/01 05-24 PM - INFO - Registered function for 'action_showing_covid_symptoms'.
2022/03/01 05-24 PM - INFO - Registered function for 'action_farewall'.
2022/03/01 05-24 PM - INFO - Action endpoint is up and running on http://0.0.0.0:5055
2022/03/01 05-25 PM - INFO - Appointment data checked in the database
2022/03/01 05-25 PM - INFO - User has not registered yet.
2022/03/01 05-26 PM - INFO - User has not registered yet.
2022/03/01 05-27 PM - INFO - User has not booked any appointments.
2022/03/01 05-27 PM - INFO - User has not registered yet.
2022/03/01 05-27 PM - INFO - User has not booked any appointments.
2022/03/01 05-28 PM - INFO - User has not registered yet.
2022/03/02 12-36 PM - INFO - Registered function for 'action_user_greet'.
2022/03/02 12-36 PM - INFO - Registered function for 'action_appointment_check'.
2022/03/02 12-36 PM - INFO - Registered function for 'action_covid_bot_begin'.
2022/03/02 12-36 PM - INFO - Registered function for 'action_covid_symptoms_bot'.
2022/03/02 12-36 PM - INFO - Registered function for 'action_covid_symptoms_bot_two'.
2022/03/02 12-36 PM - INFO - Registered function for 'action_covid_symptoms_bot_three'.
2022/03/02 12-36 PM - INFO - Registered function for 'action_covid_symptoms_bot_four'.
2022/03/02 12-36 PM - INFO - Registered function for 'action_other_symptoms'.
2022/03/02 12-36 PM - INFO - Registered function for 'asking_for_blood'.
2022/03/02 12-36 PM - INFO - Registered function for 'ask_location'.
2022/03/02 12-36 PM - INFO - Registered function for 'showing_covid_data'.
2022/03/02 12-36 PM - INFO - Registered function for 'showing_covid_data_globally'.
2022/03/02 12-36 PM - INFO - Registered function for 'action_showing_covid_symptoms'.
2022/03/02 12-36 PM - INFO - Registered function for 'action_farewall'.
2022/03/02 12-36 PM - INFO - Action endpoint is up and running on http://0.0.0.0:5055
2022/03/02 12-43 PM - INFO - User has not registered yet.
2022/03/02 12-43 PM - INFO - User has not registered yet.
2022/03/02 01-06 PM - INFO - Registered function for 'action_user_greet'.
2022/03/02 01-06 PM - INFO - Registered function for 'action_appointment_check'.
2022/03/02 01-06 PM - INFO - Registered function for 'action_covid_bot_begin'.
2022/03/02 01-06 PM - INFO - Registered function for 'action_covid_symptoms_bot'.
2022/03/02 01-06 PM - INFO - Registered function for 'action_covid_symptoms_bot_two'.
2022/03/02 01-06 PM - INFO - Registered function for 'action_covid_symptoms_bot_three'.
2022/03/02 01-06 PM - INFO - Registered function for 'action_covid_symptoms_bot_four'.
2022/03/02 01-06 PM - INFO - Registered function for 'action_other_symptoms'.
2022/03/02 01-06 PM - INFO - Registered function for 'asking_for_blood'.
2022/03/02 01-06 PM - INFO - Registered function for 'ask_location'.
2022/03/02 01-06 PM - INFO - Registered function for 'showing_covid_data'.
2022/03/02 01-06 PM - INFO - Registered function for 'showing_covid_data_globally'.
2022/03/02 01-06 PM - INFO - Registered function for 'action_showing_covid_symptoms'.
2022/03/02 01-06 PM - INFO - Registered function for 'action_farewall'.
2022/03/02 01-06 PM - INFO - Action endpoint is up and running on http://0.0.0.0:5055
2022/03/02 01-15 PM - INFO - Registered function for 'action_user_greet'.
2022/03/02 01-15 PM - INFO - Registered function for 'action_appointment_check'.
2022/03/02 01-15 PM - INFO - Registered function for 'action_covid_bot_begin'.
2022/03/02 01-15 PM - INFO - Registered function for 'action_covid_symptoms_bot'.
2022/03/02 01-15 PM - INFO - Registered function for 'action_covid_symptoms_bot_two'.
2022/03/02 01-15 PM - INFO - Registered function for 'action_covid_symptoms_bot_three'.
2022/03/02 01-15 PM - INFO - Registered function for 'action_covid_symptoms_bot_four'.
2022/03/02 01-15 PM - INFO - Registered function for 'action_other_symptoms'.
2022/03/02 01-15 PM - INFO - Registered function for 'asking_for_blood'.
2022/03/02 01-15 PM - INFO - Registered function for 'ask_location'.
2022/03/02 01-15 PM - INFO - Registered function for 'showing_covid_data'.
2022/03/02 01-15 PM - INFO - Registered function for 'showing_covid_data_globally'.
2022/03/02 01-15 PM - INFO - Registered function for 'action_showing_covid_symptoms'.
2022/03/02 01-15 PM - INFO - Registered function for 'action_farewall'.
2022/03/02 01-15 PM - INFO - Action endpoint is up and running on http://0.0.0.0:5055
2022/03/02 01-16 PM - INFO - --------------------------------------------------------------------------------------
2022/03/02 01-16 PM - INFO - --------------------------------------------------------------------------------------
2022/03/02 01-16 PM - INFO - Blood Bank Details Activated
2022/03/02 01-16 PM - INFO - Looking for Blood is Activated
2022/03/02 01-16 PM - INFO - --------------------------------------------------------------------------------------
2022/03/02 01-16 PM - INFO - --------------------------------------------------------------------------------------
2022/03/02 01-16 PM - INFO - Blood Bank Details Activated
2022/03/02 01-16 PM - INFO - Blood Bank Details Ended Sucessfully
2022/03/02 01-16 PM - INFO - --------------------------------------------------------------------------------------
2022/03/02 01-16 PM - INFO - --------------------------------------------------------------------------------------
2022/03/02 01-16 PM - INFO - Registered function for 'action_user_greet'.
2022/03/02 01-16 PM - INFO - Registered function for 'action_appointment_check'.
2022/03/02 01-16 PM - INFO - Registered function for 'action_covid_bot_begin'.
2022/03/02 01-16 PM - INFO - Registered function for 'action_covid_symptoms_bot'.
2022/03/02 01-16 PM - INFO - Registered function for 'action_covid_symptoms_bot_two'.
2022/03/02 01-16 PM - INFO - Registered function for 'action_covid_symptoms_bot_three'.
2022/03/02 01-16 PM - INFO - Registered function for 'action_covid_symptoms_bot_four'.
2022/03/02 01-16 PM - INFO - Registered function for 'action_other_symptoms'.
2022/03/02 01-16 PM - INFO - Registered function for 'asking_for_blood'.
2022/03/02 01-16 PM - INFO - Registered function for 'ask_location'.
2022/03/02 01-16 PM - INFO - Registered function for 'showing_covid_data'.
2022/03/02 01-16 PM - INFO - Registered function for 'showing_covid_data_globally'.
2022/03/02 01-16 PM - INFO - Registered function for 'action_showing_covid_symptoms'.
2022/03/02 01-16 PM - INFO - Registered function for 'action_farewall'.
2022/03/02 01-16 PM - INFO - Action endpoint is up and running on http://0.0.0.0:5055
2022/03/02 01-16 PM - INFO - user location being fetched
2022/03/02 01-16 PM - INFO - Requested http://ipinfo.io/json
2022/03/02 01-16 PM - INFO - user location being fetched as Nepal
2022/03/02 01-17 PM - INFO - --------------------------------------------------------------------------------------
2022/03/02 01-17 PM - INFO - --------------------------------------------------------------------------------------
2022/03/02 01-17 PM - INFO - Blood Bank Details Activated
2022/03/02 01-17 PM - INFO - Looking for Blood is Activated
2022/03/02 01-29 PM - INFO - User has not registered yet.
2022/03/02 01-30 PM - INFO - --------------------------------------------------------------------------------------
2022/03/02 01-30 PM - INFO - --------------------------------------------------------------------------------------
2022/03/02 01-30 PM - INFO - Blood Bank Details Activated
2022/03/02 01-30 PM - INFO - Looking for Blood is Activated
2022/03/02 01-30 PM - INFO - Looking for Blood But Address is not Provided
2022/03/02 01-30 PM - INFO - --------------------------------------------------------------------------------------
2022/03/02 01-30 PM - INFO - --------------------------------------------------------------------------------------
2022/03/02 01-30 PM - INFO - Blood Bank Details Activated
2022/03/02 01-30 PM - INFO - Looking for Blood Address
2022/03/02 01-30 PM - INFO - --------------------------------------------------------------------------------------
2022/03/02 01-30 PM - INFO - --------------------------------------------------------------------------------------
2022/03/02 01-30 PM - INFO - Blood Bank Details Activated
2022/03/02 01-30 PM - INFO - Blood Bank Details Ended Sucessfully
2022/03/02 01-30 PM - INFO - --------------------------------------------------------------------------------------
2022/03/02 01-30 PM - INFO - --------------------------------------------------------------------------------------
2022/03/02 01-30 PM - INFO - --------------------------------------------------------------------------------------
2022/03/02 01-30 PM - INFO - --------------------------------------------------------------------------------------
2022/03/02 01-30 PM - INFO - Blood Bank Details Activated
2022/03/02 01-30 PM - INFO - Looking for Blood is Activated
2022/03/02 01-30 PM - INFO - Blood Bank Details Ended Sucessfully
2022/03/02 01-30 PM - INFO - --------------------------------------------------------------------------------------
2022/03/02 01-30 PM - INFO - --------------------------------------------------------------------------------------
2022/03/02 01-30 PM - INFO - --------------------------------------------------------------------------------------
2022/03/02 01-30 PM - INFO - --------------------------------------------------------------------------------------
2022/03/02 01-30 PM - INFO - Blood Bank Details Activated
2022/03/02 01-30 PM - INFO - Looking for Blood is Activated
2022/03/02 01-30 PM - INFO - displaying global data
2022/03/02 01-30 PM - INFO - displaying global data
2022/03/02 02-06 PM - INFO - Registered function for 'action_user_greet'.
2022/03/02 02-06 PM - INFO - Registered function for 'action_appointment_check'.
2022/03/02 02-06 PM - INFO - Registered function for 'action_covid_bot_begin'.
2022/03/02 02-06 PM - INFO - Registered function for 'action_covid_symptoms_bot'.
2022/03/02 02-06 PM - INFO - Registered function for 'action_covid_symptoms_bot_two'.
2022/03/02 02-06 PM - INFO - Registered function for 'action_covid_symptoms_bot_three'.
2022/03/02 02-06 PM - INFO - Registered function for 'action_covid_symptoms_bot_four'.
2022/03/02 02-06 PM - INFO - Registered function for 'action_other_symptoms'.
2022/03/02 02-06 PM - INFO - Registered function for 'asking_for_blood'.
2022/03/02 02-06 PM - INFO - Registered function for 'ask_location'.
2022/03/02 02-06 PM - INFO - Registered function for 'showing_covid_data'.
2022/03/02 02-06 PM - INFO - Registered function for 'showing_covid_data_globally'.
2022/03/02 02-06 PM - INFO - Registered function for 'action_showing_covid_symptoms'.
2022/03/02 02-06 PM - INFO - Registered function for 'action_farewall'.
2022/03/02 02-06 PM - INFO - Action endpoint is up and running on http://0.0.0.0:5055
2022/03/02 02-07 PM - INFO - Appointment data checked in the database
2022/03/02 02-11 PM - INFO - Registered function for 'action_user_greet'.
2022/03/02 02-11 PM - INFO - Registered function for 'action_appointment_check'.
2022/03/02 02-11 PM - INFO - Registered function for 'action_covid_bot_begin'.
2022/03/02 02-11 PM - INFO - Registered function for 'action_covid_symptoms_bot'.
2022/03/02 02-11 PM - INFO - Registered function for 'action_covid_symptoms_bot_two'.
2022/03/02 02-11 PM - INFO - Registered function for 'action_covid_symptoms_bot_three'.
2022/03/02 02-11 PM - INFO - Registered function for 'action_covid_symptoms_bot_four'.
2022/03/02 02-11 PM - INFO - Registered function for 'action_other_symptoms'.
2022/03/02 02-11 PM - INFO - Registered function for 'asking_for_blood'.
2022/03/02 02-11 PM - INFO - Registered function for 'ask_location'.
2022/03/02 02-11 PM - INFO - Registered function for 'showing_covid_data'.
2022/03/02 02-11 PM - INFO - Registered function for 'showing_covid_data_globally'.
2022/03/02 02-11 PM - INFO - Registered function for 'action_showing_covid_symptoms'.
2022/03/02 02-11 PM - INFO - Registered function for 'action_farewall'.
2022/03/02 02-11 PM - INFO - Action endpoint is up and running on http://0.0.0.0:5055
2022/03/02 02-11 PM - INFO - Appointment data checked in the database
2022/03/02 02-12 PM - INFO - Registered function for 'action_user_greet'.
2022/03/02 02-12 PM - INFO - Registered function for 'action_appointment_check'.
2022/03/02 02-12 PM - INFO - Registered function for 'action_covid_bot_begin'.
2022/03/02 02-12 PM - INFO - Registered function for 'action_covid_symptoms_bot'.
2022/03/02 02-12 PM - INFO - Registered function for 'action_covid_symptoms_bot_two'.
2022/03/02 02-12 PM - INFO - Registered function for 'action_covid_symptoms_bot_three'.
2022/03/02 02-12 PM - INFO - Registered function for 'action_covid_symptoms_bot_four'.
2022/03/02 02-12 PM - INFO - Registered function for 'action_other_symptoms'.
2022/03/02 02-12 PM - INFO - Registered function for 'asking_for_blood'.
2022/03/02 02-12 PM - INFO - Registered function for 'ask_location'.
2022/03/02 02-12 PM - INFO - Registered function for 'showing_covid_data'.
2022/03/02 02-12 PM - INFO - Registered function for 'showing_covid_data_globally'.
2022/03/02 02-12 PM - INFO - Registered function for 'action_showing_covid_symptoms'.
2022/03/02 02-12 PM - INFO - Registered function for 'action_farewall'.
2022/03/02 02-12 PM - INFO - Action endpoint is up and running on http://0.0.0.0:5055
2022/03/02 02-12 PM - INFO - Appointment data checked in the database
2022/03/05 07-43 AM - INFO - Registered function for 'action_user_greet'.
2022/03/05 07-43 AM - INFO - Registered function for 'action_appointment_check'.
2022/03/05 07-43 AM - INFO - Registered function for 'action_covid_bot_begin'.
2022/03/05 07-43 AM - INFO - Registered function for 'action_covid_symptoms_bot'.
2022/03/05 07-43 AM - INFO - Registered function for 'action_covid_symptoms_bot_two'.
2022/03/05 07-43 AM - INFO - Registered function for 'action_covid_symptoms_bot_three'.
2022/03/05 07-43 AM - INFO - Registered function for 'action_covid_symptoms_bot_four'.
2022/03/05 07-43 AM - INFO - Registered function for 'action_other_symptoms'.
2022/03/05 07-43 AM - INFO - Registered function for 'asking_for_blood'.
2022/03/05 07-43 AM - INFO - Registered function for 'ask_location'.
2022/03/05 07-43 AM - INFO - Registered function for 'showing_covid_data'.
2022/03/05 07-43 AM - INFO - Registered function for 'showing_covid_data_globally'.
2022/03/05 07-43 AM - INFO - Registered function for 'action_showing_covid_symptoms'.
2022/03/05 07-43 AM - INFO - Registered function for 'action_farewall'.
2022/03/05 07-43 AM - INFO - Action endpoint is up and running on http://0.0.0.0:5055
2022/03/06 08-37 AM - INFO - Registered function for 'action_user_greet'.
2022/03/06 08-37 AM - INFO - Registered function for 'action_appointment_check'.
2022/03/06 08-37 AM - INFO - Registered function for 'action_covid_bot_begin'.
2022/03/06 08-37 AM - INFO - Registered function for 'action_covid_symptoms_bot'.
2022/03/06 08-37 AM - INFO - Registered function for 'action_covid_symptoms_bot_two'.
2022/03/06 08-37 AM - INFO - Registered function for 'action_covid_symptoms_bot_three'.
2022/03/06 08-37 AM - INFO - Registered function for 'action_covid_symptoms_bot_four'.
2022/03/06 08-37 AM - INFO - Registered function for 'action_other_symptoms'.
2022/03/06 08-37 AM - INFO - Registered function for 'asking_for_blood'.
2022/03/06 08-37 AM - INFO - Registered function for 'ask_location'.
2022/03/06 08-37 AM - INFO - Registered function for 'showing_covid_data'.
2022/03/06 08-37 AM - INFO - Registered function for 'showing_covid_data_globally'.
2022/03/06 08-37 AM - INFO - Registered function for 'action_showing_covid_symptoms'.
2022/03/06 08-37 AM - INFO - Registered function for 'action_farewall'.
2022/03/06 08-37 AM - INFO - Action endpoint is up and running on http://0.0.0.0:5055
2022/03/06 08-41 AM - INFO - User has not registered yet.
2022/03/06 08-48 AM - INFO - User has not booked any appointments.
2022/03/06 08-49 AM - INFO - Appointment data checked in the database
2022/03/06 08-56 AM - INFO - User has not registered yet.
2022/03/06 08-56 AM - INFO - User has not booked any appointments.
2022/03/06 09-44 AM - INFO - Registered function for 'action_user_greet'.
2022/03/06 09-44 AM - INFO - Registered function for 'action_appointment_check'.
2022/03/06 09-44 AM - INFO - Registered function for 'action_covid_bot_begin'.
2022/03/06 09-44 AM - INFO - Registered function for 'action_covid_symptoms_bot'.
2022/03/06 09-44 AM - INFO - Registered function for 'action_covid_symptoms_bot_two'.
2022/03/06 09-44 AM - INFO - Registered function for 'action_covid_symptoms_bot_three'.
2022/03/06 09-44 AM - INFO - Registered function for 'action_covid_symptoms_bot_four'.
2022/03/06 09-44 AM - INFO - Registered function for 'action_other_symptoms'.
2022/03/06 09-44 AM - INFO - Registered function for 'asking_for_blood'.
2022/03/06 09-44 AM - INFO - Registered function for 'ask_location'.
2022/03/06 09-44 AM - INFO - Registered function for 'showing_covid_data'.
2022/03/06 09-44 AM - INFO - Registered function for 'showing_covid_data_globally'.
2022/03/06 09-44 AM - INFO - Registered function for 'action_showing_covid_symptoms'.
2022/03/06 09-44 AM - INFO - Registered function for 'action_farewall'.
2022/03/06 09-44 AM - INFO - Action endpoint is up and running on http://0.0.0.0:5055
2022/03/06 10-02 AM - INFO - User has not booked any appointments.
2022/03/06 10-02 AM - INFO - User has not registered yet.
2022/03/06 10-03 AM - INFO - Appointment data checked in the database
2022/03/06 10-27 AM - INFO - User has not registered yet.
2022/03/06 10-28 AM - INFO - User has not booked any appointments.
2022/03/06 10-28 AM - INFO - User has not registered yet.
2022/03/06 10-28 AM - INFO - Appointment data checked in the database
2022/03/06 02-04 PM - INFO - Registered function for 'action_user_greet'.
2022/03/06 02-04 PM - INFO - Registered function for 'action_appointment_check'.
2022/03/06 02-04 PM - INFO - Registered function for 'action_covid_bot_begin'.
2022/03/06 02-04 PM - INFO - Registered function for 'action_covid_symptoms_bot'.
2022/03/06 02-04 PM - INFO - Registered function for 'action_covid_symptoms_bot_two'.
2022/03/06 02-04 PM - INFO - Registered function for 'action_covid_symptoms_bot_three'.
2022/03/06 02-04 PM - INFO - Registered function for 'action_covid_symptoms_bot_four'.
2022/03/06 02-04 PM - INFO - Registered function for 'action_other_symptoms'.
2022/03/06 02-04 PM - INFO - Registered function for 'asking_for_blood'.
2022/03/06 02-04 PM - INFO - Registered function for 'ask_location'.
2022/03/06 02-04 PM - INFO - Registered function for 'showing_covid_data'.
2022/03/06 02-04 PM - INFO - Registered function for 'showing_covid_data_globally'.
2022/03/06 02-04 PM - INFO - Registered function for 'action_showing_covid_symptoms'.
2022/03/06 02-04 PM - INFO - Registered function for 'action_farewall'.
2022/03/06 02-04 PM - INFO - Action endpoint is up and running on http://0.0.0.0:5055
2022/03/06 02-26 PM - INFO - Registered function for 'action_user_greet'.
2022/03/06 02-26 PM - INFO - Registered function for 'action_appointment_check'.
2022/03/06 02-26 PM - INFO - Registered function for 'action_covid_bot_begin'.
2022/03/06 02-26 PM - INFO - Registered function for 'action_covid_symptoms_bot'.
2022/03/06 02-26 PM - INFO - Registered function for 'action_covid_symptoms_bot_two'.
2022/03/06 02-26 PM - INFO - Registered function for 'action_covid_symptoms_bot_three'.
2022/03/06 02-26 PM - INFO - Registered function for 'action_covid_symptoms_bot_four'.
2022/03/06 02-26 PM - INFO - Registered function for 'action_other_symptoms'.
2022/03/06 02-26 PM - INFO - Registered function for 'asking_for_blood'.
2022/03/06 02-26 PM - INFO - Registered function for 'ask_location'.
2022/03/06 02-26 PM - INFO - Registered function for 'showing_covid_data'.
2022/03/06 02-26 PM - INFO - Registered function for 'showing_covid_data_globally'.
2022/03/06 02-26 PM - INFO - Registered function for 'action_showing_covid_symptoms'.
2022/03/06 02-26 PM - INFO - Registered function for 'action_farewall'.
2022/03/06 02-26 PM - INFO - Action endpoint is up and running on http://0.0.0.0:5055
2022/03/06 02-54 PM - INFO - Registered function for 'action_user_greet'.
2022/03/06 02-54 PM - INFO - Registered function for 'action_appointment_check'.
2022/03/06 02-54 PM - INFO - Registered function for 'action_covid_bot_begin'.
2022/03/06 02-54 PM - INFO - Registered function for 'action_covid_symptoms_bot'.
2022/03/06 02-54 PM - INFO - Registered function for 'action_covid_symptoms_bot_two'.
2022/03/06 02-54 PM - INFO - Registered function for 'action_covid_symptoms_bot_three'.
2022/03/06 02-54 PM - INFO - Registered function for 'action_covid_symptoms_bot_four'.
2022/03/06 02-54 PM - INFO - Registered function for 'action_other_symptoms'.
2022/03/06 02-54 PM - INFO - Registered function for 'asking_for_blood'.
2022/03/06 02-54 PM - INFO - Registered function for 'ask_location'.
2022/03/06 02-54 PM - INFO - Registered function for 'showing_covid_data'.
2022/03/06 02-54 PM - INFO - Registered function for 'showing_covid_data_globally'.
2022/03/06 02-54 PM - INFO - Registered function for 'action_showing_covid_symptoms'.
2022/03/06 02-54 PM - INFO - Registered function for 'action_farewall'.
2022/03/06 02-54 PM - INFO - Action endpoint is up and running on http://0.0.0.0:5055
2022/05/20 01-34 PM - INFO - Registered function for 'action_user_greet'.
2022/05/20 01-34 PM - INFO - Registered function for 'action_appointment_check'.
2022/05/20 01-34 PM - INFO - Registered function for 'action_covid_bot_begin'.
2022/05/20 01-34 PM - INFO - Registered function for 'action_covid_symptoms_bot'.
2022/05/20 01-34 PM - INFO - Registered function for 'action_covid_symptoms_bot_two'.
2022/05/20 01-34 PM - INFO - Registered function for 'action_covid_symptoms_bot_three'.
2022/05/20 01-34 PM - INFO - Registered function for 'action_covid_symptoms_bot_four'.
2022/05/20 01-34 PM - INFO - Registered function for 'action_other_symptoms'.
2022/05/20 01-34 PM - INFO - Registered function for 'asking_for_blood'.
2022/05/20 01-34 PM - INFO - Registered function for 'ask_location'.
2022/05/20 01-34 PM - INFO - Registered function for 'showing_covid_data'.
2022/05/20 01-34 PM - INFO - Registered function for 'showing_covid_data_globally'.
2022/05/20 01-34 PM - INFO - Registered function for 'action_showing_covid_symptoms'.
2022/05/20 01-34 PM - INFO - Registered function for 'action_farewall'.
2022/05/20 01-34 PM - INFO - Action endpoint is up and running on http://0.0.0.0:5055
2022/05/20 01-53 PM - INFO - --------------------------------------------------------------------------------------
2022/05/20 01-53 PM - INFO - --------------------------------------------------------------------------------------
2022/05/20 01-53 PM - INFO - Blood Bank Details Activated
2022/05/20 01-53 PM - INFO - Looking for Blood is Activated
2022/05/20 01-53 PM - INFO - Looking for Blood But Address is not Provided
2022/05/20 01-53 PM - INFO - --------------------------------------------------------------------------------------
2022/05/20 01-53 PM - INFO - --------------------------------------------------------------------------------------
2022/05/20 01-53 PM - INFO - Blood Bank Details Activated
2022/05/20 01-53 PM - INFO - Looking for Blood Address
2022/05/20 01-53 PM - INFO - --------------------------------------------------------------------------------------
2022/05/20 01-53 PM - INFO - --------------------------------------------------------------------------------------
2022/05/20 01-53 PM - INFO - Blood Bank Details Activated
2022/05/20 01-53 PM - INFO - Blood Bank Details Ended Sucessfully
2022/05/20 01-53 PM - INFO - --------------------------------------------------------------------------------------
2022/05/20 01-53 PM - INFO - --------------------------------------------------------------------------------------
2022/05/20 01-53 PM - INFO - --------------------------------------------------------------------------------------
2022/05/20 01-53 PM - INFO - --------------------------------------------------------------------------------------
2022/05/20 01-53 PM - INFO - Blood Bank Details Activated
2022/05/20 01-53 PM - INFO - Looking for Blood is Activated
2022/05/20 01-53 PM - INFO - Blood Bank Details Ended Sucessfully
2022/05/20 01-53 PM - INFO - --------------------------------------------------------------------------------------
2022/05/20 01-53 PM - INFO - --------------------------------------------------------------------------------------
2022/05/20 01-54 PM - INFO - --------------------------------------------------------------------------------------
2022/05/20 01-54 PM - INFO - --------------------------------------------------------------------------------------
2022/05/20 01-54 PM - INFO - Blood Bank Details Activated
2022/05/20 01-54 PM - INFO - Looking for Blood is Activated
2022/05/20 01-54 PM - INFO - Looking for Blood But Address is not Provided
2022/05/20 01-54 PM - INFO - --------------------------------------------------------------------------------------
2022/05/20 01-54 PM - INFO - --------------------------------------------------------------------------------------
2022/05/20 01-54 PM - INFO - Blood Bank Details Activated
2022/05/20 01-54 PM - INFO - Looking for Blood Address
2022/05/20 01-56 PM - INFO - displaying global data
2022/05/20 01-56 PM - INFO - displaying global data
2022/05/20 01-56 PM - INFO - user location being fetched
2022/05/20 01-56 PM - INFO - Requested http://ipinfo.io/json
2022/05/20 01-56 PM - INFO - user location being fetched as Nepal
2022/05/20 01-57 PM - INFO - user location being fetched
2022/05/20 01-57 PM - INFO - Requested http://ipinfo.io/json
2022/05/20 01-57 PM - INFO - user location being fetched as United States
2022/05/20 01-59 PM - INFO - User has not registered yet.
2022/05/20 02-00 PM - INFO - User has not booked any appointments.
2022/05/20 02-02 PM - INFO - Registered function for 'action_user_greet'.
2022/05/20 02-02 PM - INFO - Registered function for 'action_appointment_check'.
2022/05/20 02-02 PM - INFO - Registered function for 'action_covid_bot_begin'.
2022/05/20 02-02 PM - INFO - Registered function for 'action_covid_symptoms_bot'.
2022/05/20 02-02 PM - INFO - Registered function for 'action_covid_symptoms_bot_two'.
2022/05/20 02-02 PM - INFO - Registered function for 'action_covid_symptoms_bot_three'.
2022/05/20 02-02 PM - INFO - Registered function for 'action_covid_symptoms_bot_four'.
2022/05/20 02-02 PM - INFO - Registered function for 'action_other_symptoms'.
2022/05/20 02-02 PM - INFO - Registered function for 'asking_for_blood'.
2022/05/20 02-02 PM - INFO - Registered function for 'ask_location'.
2022/05/20 02-02 PM - INFO - Registered function for 'showing_covid_data'.
2022/05/20 02-02 PM - INFO - Registered function for 'showing_covid_data_globally'.
2022/05/20 02-02 PM - INFO - Registered function for 'action_showing_covid_symptoms'.
2022/05/20 02-02 PM - INFO - Registered function for 'action_farewall'.
2022/05/20 02-02 PM - INFO - Action endpoint is up and running on http://0.0.0.0:5055
2022/05/20 02-02 PM - INFO - User has not registered yet.
2022/05/20 02-02 PM - INFO - Appointment data checked in the database
